----------------------------------------------
Vesta static timing analysis tool
(c) 2013-2017 Tim Edwards, Open Circuit Design
----------------------------------------------

End of library at line 6141
Lib Read:  Processed 6142 lines.
Verilog netlist read:  Processed 3963 lines.
Number of paths analyzed:  64

Top 20 maximum delay paths:
Path DFFPOSX1_17/CLK to DFFPOSX1_11/D delay 5683.51 ps   Slack = -1683.51 ps
      0.0 ps        clk_bF_buf7:     BUFX4_1/Y -> DFFPOSX1_17/CLK
    285.7 ps     V11_V5_V1_a_1_: DFFPOSX1_17/Q ->  AND2X2_528/B
    461.5 ps      V9_V7_V1_H0_a:  AND2X2_528/Y ->  AND2X2_531/B
    603.1 ps  V9_V7_V1_H0_carry:  AND2X2_531/Y ->  XOR2X1_334/A
    758.9 ps    V9_V7_V1_H1_sum:  XOR2X1_334/Y -> NAND2X1_526/B
    918.7 ps             _2661_: NAND2X1_526/Y -> OAI21X1_371/B
   1081.6 ps             _2665_: OAI21X1_371/Y -> AOI21X1_230/B
   1199.7 ps             _2668_: AOI21X1_230/Y -> XNOR2X1_362/A
   1374.0 ps    V9_V7_A0_sum_3_: XNOR2X1_362/Y ->  AND2X2_526/A
   1537.5 ps             _2723_:  AND2X2_526/Y ->  NOR2X1_574/B
   1637.1 ps             _2725_:  NOR2X1_574/Y ->  NAND3X1_92/C
   1749.0 ps             _2726_:  NAND3X1_92/Y -> AOI21X1_236/A
   1843.1 ps             _2740_: AOI21X1_236/Y -> OAI21X1_381/A
   1925.8 ps             _2742_: OAI21X1_381/Y -> NAND2X1_539/A
   2063.9 ps         V9_A4_a_7_: NAND2X1_539/Y ->  XOR2X1_285/A
   2255.6 ps             _2385_:  XOR2X1_285/Y -> NAND2X1_471/B
   2392.8 ps             _2308_: NAND2X1_471/Y -> OAI21X1_329/A
   2532.1 ps             _2311_: OAI21X1_329/Y ->  NOR2X1_494/A
   2697.2 ps             _2312_:  NOR2X1_494/Y -> OAI21X1_330/A
   2827.5 ps             _2317_: OAI21X1_330/Y ->  XOR2X1_286/A
   2952.6 ps       V9_A4_sum_9_:  XOR2X1_286/Y ->   INVX1_370/A
   3019.9 ps             _2413_:   INVX1_370/Y ->  NOR2X1_514/B
   3110.9 ps             _2414_:  NOR2X1_514/Y ->  NOR2X1_516/B
   3269.0 ps             _2416_:  NOR2X1_516/Y -> NAND2X1_495/B
   3419.7 ps             _2417_: NAND2X1_495/Y ->   INVX1_371/A
   3491.1 ps             _2418_:   INVX1_371/Y -> OAI21X1_344/C
   3563.0 ps             _2419_: OAI21X1_344/Y -> AOI21X1_214/B
   3668.9 ps             _2426_: AOI21X1_214/Y -> OAI21X1_348/A
   3754.9 ps             _2439_: OAI21X1_348/Y -> NAND2X1_497/A
   3952.1 ps            A3_a_7_: NAND2X1_497/Y ->  XNOR2X1_12/A
   4126.3 ps              _112_:  XNOR2X1_12/Y ->    NOR2X1_8/B
   4263.1 ps              _116_:    NOR2X1_8/Y ->   NAND2X1_8/A
   4355.8 ps                _3_:   NAND2X1_8/Y ->  NAND2X1_10/B
   4454.5 ps                _8_:  NAND2X1_10/Y ->   NOR2X1_10/A
   4641.4 ps                _9_:   NOR2X1_10/Y ->   OAI21X1_7/A
   4808.0 ps               _21_:   OAI21X1_7/Y ->   AOI21X1_6/B
   4926.8 ps               _26_:   AOI21X1_6/Y ->  XNOR2X1_15/A
   5079.1 ps         A3_sum_11_:  XNOR2X1_15/Y ->   XOR2X1_37/A
   5295.9 ps              _384_:   XOR2X1_37/Y ->  NAND2X1_89/B
   5442.5 ps              _385_:  NAND2X1_89/Y ->  OAI21X1_58/A
   5613.0 ps              _388_:  OAI21X1_58/Y ->  AOI21X1_45/B
   5735.8 ps              _434_:  AOI21X1_45/Y ->  OAI21X1_65/C
   5903.7 ps              _435_:  OAI21X1_65/Y ->  AOI21X1_47/B
   6056.9 ps              _447_:  AOI21X1_47/Y ->  OAI21X1_67/A
   6181.5 ps              _452_:  OAI21X1_67/Y ->  XNOR2X1_54/A
   6279.8 ps         A5_sum_19_:  XNOR2X1_54/Y -> DFFPOSX1_11/D

Path DFFPOSX1_17/CLK to DFFPOSX1_13/D delay 5672.26 ps   Slack = -1672.26 ps
      0.0 ps        clk_bF_buf7:     BUFX4_1/Y -> DFFPOSX1_17/CLK
    285.7 ps     V11_V5_V1_a_1_: DFFPOSX1_17/Q ->  AND2X2_528/B
    461.5 ps      V9_V7_V1_H0_a:  AND2X2_528/Y ->  AND2X2_531/B
    603.1 ps  V9_V7_V1_H0_carry:  AND2X2_531/Y ->  XOR2X1_334/A
    758.9 ps    V9_V7_V1_H1_sum:  XOR2X1_334/Y -> NAND2X1_526/B
    918.7 ps             _2661_: NAND2X1_526/Y -> OAI21X1_371/B
   1081.6 ps             _2665_: OAI21X1_371/Y -> AOI21X1_230/B
   1199.7 ps             _2668_: AOI21X1_230/Y -> XNOR2X1_362/A
   1374.0 ps    V9_V7_A0_sum_3_: XNOR2X1_362/Y ->  AND2X2_526/A
   1537.5 ps             _2723_:  AND2X2_526/Y ->  NOR2X1_574/B
   1637.1 ps             _2725_:  NOR2X1_574/Y ->  NAND3X1_92/C
   1749.0 ps             _2726_:  NAND3X1_92/Y -> AOI21X1_236/A
   1843.1 ps             _2740_: AOI21X1_236/Y -> OAI21X1_381/A
   1925.8 ps             _2742_: OAI21X1_381/Y -> NAND2X1_539/A
   2063.9 ps         V9_A4_a_7_: NAND2X1_539/Y ->  XOR2X1_285/A
   2255.6 ps             _2385_:  XOR2X1_285/Y -> NAND2X1_471/B
   2392.8 ps             _2308_: NAND2X1_471/Y -> OAI21X1_329/A
   2532.1 ps             _2311_: OAI21X1_329/Y ->  NOR2X1_494/A
   2697.2 ps             _2312_:  NOR2X1_494/Y -> OAI21X1_330/A
   2827.5 ps             _2317_: OAI21X1_330/Y ->  XOR2X1_286/A
   2952.6 ps       V9_A4_sum_9_:  XOR2X1_286/Y ->   INVX1_370/A
   3019.9 ps             _2413_:   INVX1_370/Y ->  NOR2X1_514/B
   3110.9 ps             _2414_:  NOR2X1_514/Y ->  NOR2X1_516/B
   3269.0 ps             _2416_:  NOR2X1_516/Y -> NAND2X1_495/B
   3419.7 ps             _2417_: NAND2X1_495/Y ->   INVX1_371/A
   3491.1 ps             _2418_:   INVX1_371/Y -> OAI21X1_344/C
   3563.0 ps             _2419_: OAI21X1_344/Y -> AOI21X1_214/B
   3668.9 ps             _2426_: AOI21X1_214/Y -> OAI21X1_348/A
   3754.9 ps             _2439_: OAI21X1_348/Y -> NAND2X1_497/A
   3952.1 ps            A3_a_7_: NAND2X1_497/Y ->  XNOR2X1_12/A
   4126.3 ps              _112_:  XNOR2X1_12/Y ->    NOR2X1_8/B
   4263.1 ps              _116_:    NOR2X1_8/Y ->   NAND2X1_8/A
   4355.8 ps                _3_:   NAND2X1_8/Y ->  NAND2X1_10/B
   4454.5 ps                _8_:  NAND2X1_10/Y ->   NOR2X1_10/A
   4641.4 ps                _9_:   NOR2X1_10/Y ->   OAI21X1_7/A
   4808.0 ps               _21_:   OAI21X1_7/Y ->   AOI21X1_6/B
   4926.8 ps               _26_:   AOI21X1_6/Y ->  XNOR2X1_15/A
   5079.1 ps         A3_sum_11_:  XNOR2X1_15/Y ->   XOR2X1_37/A
   5295.9 ps              _384_:   XOR2X1_37/Y ->  NAND2X1_89/B
   5442.5 ps              _385_:  NAND2X1_89/Y ->  OAI21X1_58/A
   5613.0 ps              _388_:  OAI21X1_58/Y ->  AOI21X1_45/B
   5735.8 ps              _434_:  AOI21X1_45/Y ->  AOI21X1_49/A
   5858.1 ps              _465_:  AOI21X1_49/Y ->   NOR2X1_95/B
   6020.5 ps              _469_:   NOR2X1_95/Y ->  OAI21X1_69/A
   6150.9 ps              _474_:  OAI21X1_69/Y ->   XOR2X1_43/A
   6249.7 ps         A5_sum_21_:   XOR2X1_43/Y -> DFFPOSX1_13/D

Path DFFPOSX1_17/CLK to DFFPOSX1_14/D delay 5667.94 ps   Slack = -1667.94 ps
      0.0 ps        clk_bF_buf7:     BUFX4_1/Y -> DFFPOSX1_17/CLK
    285.7 ps     V11_V5_V1_a_1_: DFFPOSX1_17/Q ->  AND2X2_528/B
    461.5 ps      V9_V7_V1_H0_a:  AND2X2_528/Y ->  AND2X2_531/B
    603.1 ps  V9_V7_V1_H0_carry:  AND2X2_531/Y ->  XOR2X1_334/A
    758.9 ps    V9_V7_V1_H1_sum:  XOR2X1_334/Y -> NAND2X1_526/B
    918.7 ps             _2661_: NAND2X1_526/Y -> OAI21X1_371/B
   1081.6 ps             _2665_: OAI21X1_371/Y -> AOI21X1_230/B
   1199.7 ps             _2668_: AOI21X1_230/Y -> XNOR2X1_362/A
   1374.0 ps    V9_V7_A0_sum_3_: XNOR2X1_362/Y ->  AND2X2_526/A
   1537.5 ps             _2723_:  AND2X2_526/Y ->  NOR2X1_574/B
   1637.1 ps             _2725_:  NOR2X1_574/Y ->  NAND3X1_92/C
   1749.0 ps             _2726_:  NAND3X1_92/Y -> AOI21X1_236/A
   1843.1 ps             _2740_: AOI21X1_236/Y -> OAI21X1_381/A
   1925.8 ps             _2742_: OAI21X1_381/Y -> NAND2X1_539/A
   2063.9 ps         V9_A4_a_7_: NAND2X1_539/Y ->  XOR2X1_285/A
   2255.6 ps             _2385_:  XOR2X1_285/Y -> NAND2X1_471/B
   2392.8 ps             _2308_: NAND2X1_471/Y -> OAI21X1_329/A
   2532.1 ps             _2311_: OAI21X1_329/Y ->  NOR2X1_494/A
   2697.2 ps             _2312_:  NOR2X1_494/Y -> OAI21X1_330/A
   2827.5 ps             _2317_: OAI21X1_330/Y ->  XOR2X1_286/A
   2952.6 ps       V9_A4_sum_9_:  XOR2X1_286/Y ->   INVX1_370/A
   3019.9 ps             _2413_:   INVX1_370/Y ->  NOR2X1_514/B
   3110.9 ps             _2414_:  NOR2X1_514/Y ->  NOR2X1_516/B
   3269.0 ps             _2416_:  NOR2X1_516/Y -> NAND2X1_495/B
   3419.7 ps             _2417_: NAND2X1_495/Y ->   INVX1_371/A
   3491.1 ps             _2418_:   INVX1_371/Y -> OAI21X1_344/C
   3563.0 ps             _2419_: OAI21X1_344/Y -> AOI21X1_214/B
   3668.9 ps             _2426_: AOI21X1_214/Y -> OAI21X1_348/A
   3754.9 ps             _2439_: OAI21X1_348/Y -> NAND2X1_497/A
   3952.1 ps            A3_a_7_: NAND2X1_497/Y ->  XNOR2X1_12/A
   4126.3 ps              _112_:  XNOR2X1_12/Y ->    NOR2X1_8/B
   4263.1 ps              _116_:    NOR2X1_8/Y ->   NAND2X1_8/A
   4355.8 ps                _3_:   NAND2X1_8/Y ->  NAND2X1_10/B
   4454.5 ps                _8_:  NAND2X1_10/Y ->   NOR2X1_10/A
   4641.4 ps                _9_:   NOR2X1_10/Y ->   OAI21X1_7/A
   4808.0 ps               _21_:   OAI21X1_7/Y ->   AOI21X1_6/B
   4926.8 ps               _26_:   AOI21X1_6/Y ->  XNOR2X1_15/A
   5079.1 ps         A3_sum_11_:  XNOR2X1_15/Y ->   XOR2X1_37/A
   5295.9 ps              _384_:   XOR2X1_37/Y ->  NAND2X1_89/B
   5442.5 ps              _385_:  NAND2X1_89/Y ->  OAI21X1_58/A
   5613.0 ps              _388_:  OAI21X1_58/Y ->  AOI21X1_45/B
   5735.8 ps              _434_:  AOI21X1_45/Y ->  AOI21X1_49/A
   5858.1 ps              _465_:  AOI21X1_49/Y ->   NOR2X1_95/B
   6020.5 ps              _469_:   NOR2X1_95/Y ->  OAI21X1_71/A
   6123.5 ps              _488_:  OAI21X1_71/Y ->  NOR2X1_102/B
   6192.8 ps              _489_:  NOR2X1_102/Y ->  NOR2X1_103/B
   6245.4 ps         A5_sum_22_:  NOR2X1_103/Y -> DFFPOSX1_14/D

Path DFFPOSX1_17/CLK to DFFPOSX1_15/D delay 5638.2 ps   Slack = -1638.2 ps
      0.0 ps        clk_bF_buf7:     BUFX4_1/Y -> DFFPOSX1_17/CLK
    285.7 ps     V11_V5_V1_a_1_: DFFPOSX1_17/Q ->  AND2X2_528/B
    461.5 ps      V9_V7_V1_H0_a:  AND2X2_528/Y ->  AND2X2_531/B
    603.1 ps  V9_V7_V1_H0_carry:  AND2X2_531/Y ->  XOR2X1_334/A
    758.9 ps    V9_V7_V1_H1_sum:  XOR2X1_334/Y -> NAND2X1_526/B
    918.7 ps             _2661_: NAND2X1_526/Y -> OAI21X1_371/B
   1081.6 ps             _2665_: OAI21X1_371/Y -> AOI21X1_230/B
   1199.7 ps             _2668_: AOI21X1_230/Y -> XNOR2X1_362/A
   1374.0 ps    V9_V7_A0_sum_3_: XNOR2X1_362/Y ->  AND2X2_526/A
   1537.5 ps             _2723_:  AND2X2_526/Y ->  NOR2X1_574/B
   1637.1 ps             _2725_:  NOR2X1_574/Y ->  NAND3X1_92/C
   1749.0 ps             _2726_:  NAND3X1_92/Y -> AOI21X1_236/A
   1843.1 ps             _2740_: AOI21X1_236/Y -> OAI21X1_381/A
   1925.8 ps             _2742_: OAI21X1_381/Y -> NAND2X1_539/A
   2063.9 ps         V9_A4_a_7_: NAND2X1_539/Y ->  XOR2X1_285/A
   2255.6 ps             _2385_:  XOR2X1_285/Y -> NAND2X1_471/B
   2392.8 ps             _2308_: NAND2X1_471/Y -> OAI21X1_329/A
   2532.1 ps             _2311_: OAI21X1_329/Y ->  NOR2X1_494/A
   2697.2 ps             _2312_:  NOR2X1_494/Y -> OAI21X1_330/A
   2827.5 ps             _2317_: OAI21X1_330/Y ->  XOR2X1_286/A
   2952.6 ps       V9_A4_sum_9_:  XOR2X1_286/Y ->   INVX1_370/A
   3019.9 ps             _2413_:   INVX1_370/Y ->  NOR2X1_514/B
   3110.9 ps             _2414_:  NOR2X1_514/Y ->  NOR2X1_516/B
   3269.0 ps             _2416_:  NOR2X1_516/Y -> NAND2X1_495/B
   3419.7 ps             _2417_: NAND2X1_495/Y ->   INVX1_371/A
   3491.1 ps             _2418_:   INVX1_371/Y -> OAI21X1_344/C
   3563.0 ps             _2419_: OAI21X1_344/Y -> AOI21X1_214/B
   3668.9 ps             _2426_: AOI21X1_214/Y -> OAI21X1_348/A
   3754.9 ps             _2439_: OAI21X1_348/Y -> NAND2X1_497/A
   3952.1 ps            A3_a_7_: NAND2X1_497/Y ->  XNOR2X1_12/A
   4126.3 ps              _112_:  XNOR2X1_12/Y ->    NOR2X1_8/B
   4263.1 ps              _116_:    NOR2X1_8/Y ->   NAND2X1_8/A
   4355.8 ps                _3_:   NAND2X1_8/Y ->  NAND2X1_10/B
   4454.5 ps                _8_:  NAND2X1_10/Y ->   NOR2X1_10/A
   4641.4 ps                _9_:   NOR2X1_10/Y ->   OAI21X1_7/A
   4808.0 ps               _21_:   OAI21X1_7/Y ->   AOI21X1_6/B
   4926.8 ps               _26_:   AOI21X1_6/Y ->  XNOR2X1_15/A
   5079.1 ps         A3_sum_11_:  XNOR2X1_15/Y ->   XOR2X1_37/A
   5295.9 ps              _384_:   XOR2X1_37/Y ->  NAND2X1_89/B
   5442.5 ps              _385_:  NAND2X1_89/Y ->  OAI21X1_58/A
   5613.0 ps              _388_:  OAI21X1_58/Y ->  AOI21X1_45/B
   5735.8 ps              _434_:  AOI21X1_45/Y ->  AOI21X1_49/A
   5858.1 ps              _465_:  AOI21X1_49/Y ->  OAI21X1_70/A
   5955.4 ps              _480_:  OAI21X1_70/Y ->  AOI21X1_52/B
   6063.2 ps              _487_:  AOI21X1_52/Y ->  OAI21X1_76/A
   6149.3 ps              _506_:  OAI21X1_76/Y -> NAND2X1_113/A
   6214.4 ps         A5_sum_23_: NAND2X1_113/Y -> DFFPOSX1_15/D

Path DFFPOSX1_17/CLK to DFFPOSX1_10/D delay 5562.82 ps   Slack = -1562.82 ps
      0.0 ps        clk_bF_buf7:     BUFX4_1/Y -> DFFPOSX1_17/CLK
    285.7 ps     V11_V5_V1_a_1_: DFFPOSX1_17/Q ->  AND2X2_528/B
    461.5 ps      V9_V7_V1_H0_a:  AND2X2_528/Y ->  AND2X2_531/B
    603.1 ps  V9_V7_V1_H0_carry:  AND2X2_531/Y ->  XOR2X1_334/A
    758.9 ps    V9_V7_V1_H1_sum:  XOR2X1_334/Y -> NAND2X1_526/B
    918.7 ps             _2661_: NAND2X1_526/Y -> OAI21X1_371/B
   1081.6 ps             _2665_: OAI21X1_371/Y -> AOI21X1_230/B
   1199.7 ps             _2668_: AOI21X1_230/Y -> XNOR2X1_362/A
   1374.0 ps    V9_V7_A0_sum_3_: XNOR2X1_362/Y ->  AND2X2_526/A
   1537.5 ps             _2723_:  AND2X2_526/Y ->  NOR2X1_574/B
   1637.1 ps             _2725_:  NOR2X1_574/Y ->  NAND3X1_92/C
   1749.0 ps             _2726_:  NAND3X1_92/Y -> AOI21X1_236/A
   1843.1 ps             _2740_: AOI21X1_236/Y -> OAI21X1_381/A
   1925.8 ps             _2742_: OAI21X1_381/Y -> NAND2X1_539/A
   2063.9 ps         V9_A4_a_7_: NAND2X1_539/Y ->  XOR2X1_285/A
   2255.6 ps             _2385_:  XOR2X1_285/Y -> NAND2X1_471/B
   2392.8 ps             _2308_: NAND2X1_471/Y -> OAI21X1_329/A
   2532.1 ps             _2311_: OAI21X1_329/Y ->  NOR2X1_494/A
   2697.2 ps             _2312_:  NOR2X1_494/Y -> OAI21X1_330/A
   2827.5 ps             _2317_: OAI21X1_330/Y ->  XOR2X1_286/A
   2952.6 ps       V9_A4_sum_9_:  XOR2X1_286/Y ->   INVX1_370/A
   3019.9 ps             _2413_:   INVX1_370/Y ->  NOR2X1_514/B
   3110.9 ps             _2414_:  NOR2X1_514/Y ->  NOR2X1_516/B
   3269.0 ps             _2416_:  NOR2X1_516/Y -> NAND2X1_495/B
   3419.7 ps             _2417_: NAND2X1_495/Y ->   INVX1_371/A
   3491.1 ps             _2418_:   INVX1_371/Y -> OAI21X1_344/C
   3563.0 ps             _2419_: OAI21X1_344/Y -> AOI21X1_214/B
   3668.9 ps             _2426_: AOI21X1_214/Y -> OAI21X1_348/A
   3754.9 ps             _2439_: OAI21X1_348/Y -> NAND2X1_497/A
   3952.1 ps            A3_a_7_: NAND2X1_497/Y ->  XNOR2X1_12/A
   4126.3 ps              _112_:  XNOR2X1_12/Y ->    NOR2X1_8/B
   4263.1 ps              _116_:    NOR2X1_8/Y ->   NAND2X1_8/A
   4355.8 ps                _3_:   NAND2X1_8/Y ->  NAND2X1_10/B
   4454.5 ps                _8_:  NAND2X1_10/Y ->   NOR2X1_10/A
   4641.4 ps                _9_:   NOR2X1_10/Y ->   OAI21X1_7/A
   4808.0 ps               _21_:   OAI21X1_7/Y ->   AOI21X1_6/B
   4926.8 ps               _26_:   AOI21X1_6/Y ->  XNOR2X1_15/A
   5079.1 ps         A3_sum_11_:  XNOR2X1_15/Y ->   XOR2X1_37/A
   5295.9 ps              _384_:   XOR2X1_37/Y ->  NAND2X1_89/B
   5442.5 ps              _385_:  NAND2X1_89/Y ->  OAI21X1_58/A
   5613.0 ps              _388_:  OAI21X1_58/Y ->  AOI21X1_45/B
   5735.8 ps              _434_:  AOI21X1_45/Y ->  OAI21X1_65/C
   5903.7 ps              _435_:  OAI21X1_65/Y ->  AOI21X1_47/B
   6056.9 ps              _447_:  AOI21X1_47/Y ->  XNOR2X1_53/A
   6159.1 ps         A5_sum_18_:  XNOR2X1_53/Y -> DFFPOSX1_10/D

Path DFFPOSX1_17/CLK to DFFPOSX1_12/D delay 5551.65 ps   Slack = -1551.65 ps
      0.0 ps        clk_bF_buf7:     BUFX4_1/Y -> DFFPOSX1_17/CLK
    285.7 ps     V11_V5_V1_a_1_: DFFPOSX1_17/Q ->  AND2X2_528/B
    461.5 ps      V9_V7_V1_H0_a:  AND2X2_528/Y ->  AND2X2_531/B
    603.1 ps  V9_V7_V1_H0_carry:  AND2X2_531/Y ->  XOR2X1_334/A
    758.9 ps    V9_V7_V1_H1_sum:  XOR2X1_334/Y -> NAND2X1_526/B
    918.7 ps             _2661_: NAND2X1_526/Y -> OAI21X1_371/B
   1081.6 ps             _2665_: OAI21X1_371/Y -> AOI21X1_230/B
   1199.7 ps             _2668_: AOI21X1_230/Y -> XNOR2X1_362/A
   1374.0 ps    V9_V7_A0_sum_3_: XNOR2X1_362/Y ->  AND2X2_526/A
   1537.5 ps             _2723_:  AND2X2_526/Y ->  NOR2X1_574/B
   1637.1 ps             _2725_:  NOR2X1_574/Y ->  NAND3X1_92/C
   1749.0 ps             _2726_:  NAND3X1_92/Y -> AOI21X1_236/A
   1843.1 ps             _2740_: AOI21X1_236/Y -> OAI21X1_381/A
   1925.8 ps             _2742_: OAI21X1_381/Y -> NAND2X1_539/A
   2063.9 ps         V9_A4_a_7_: NAND2X1_539/Y ->  XOR2X1_285/A
   2255.6 ps             _2385_:  XOR2X1_285/Y -> NAND2X1_471/B
   2392.8 ps             _2308_: NAND2X1_471/Y -> OAI21X1_329/A
   2532.1 ps             _2311_: OAI21X1_329/Y ->  NOR2X1_494/A
   2697.2 ps             _2312_:  NOR2X1_494/Y -> OAI21X1_330/A
   2827.5 ps             _2317_: OAI21X1_330/Y ->  XOR2X1_286/A
   2952.6 ps       V9_A4_sum_9_:  XOR2X1_286/Y ->   INVX1_370/A
   3019.9 ps             _2413_:   INVX1_370/Y ->  NOR2X1_514/B
   3110.9 ps             _2414_:  NOR2X1_514/Y ->  NOR2X1_516/B
   3269.0 ps             _2416_:  NOR2X1_516/Y -> NAND2X1_495/B
   3419.7 ps             _2417_: NAND2X1_495/Y ->   INVX1_371/A
   3491.1 ps             _2418_:   INVX1_371/Y -> OAI21X1_344/C
   3563.0 ps             _2419_: OAI21X1_344/Y -> AOI21X1_214/B
   3668.9 ps             _2426_: AOI21X1_214/Y -> OAI21X1_348/A
   3754.9 ps             _2439_: OAI21X1_348/Y -> NAND2X1_497/A
   3952.1 ps            A3_a_7_: NAND2X1_497/Y ->  XNOR2X1_12/A
   4126.3 ps              _112_:  XNOR2X1_12/Y ->    NOR2X1_8/B
   4263.1 ps              _116_:    NOR2X1_8/Y ->   NAND2X1_8/A
   4355.8 ps                _3_:   NAND2X1_8/Y ->  NAND2X1_10/B
   4454.5 ps                _8_:  NAND2X1_10/Y ->   NOR2X1_10/A
   4641.4 ps                _9_:   NOR2X1_10/Y ->   OAI21X1_7/A
   4808.0 ps               _21_:   OAI21X1_7/Y ->   AOI21X1_6/B
   4926.8 ps               _26_:   AOI21X1_6/Y ->  XNOR2X1_15/A
   5079.1 ps         A3_sum_11_:  XNOR2X1_15/Y ->   XOR2X1_37/A
   5295.9 ps              _384_:   XOR2X1_37/Y ->  NAND2X1_89/B
   5442.5 ps              _385_:  NAND2X1_89/Y ->  OAI21X1_58/A
   5613.0 ps              _388_:  OAI21X1_58/Y ->  AOI21X1_45/B
   5735.8 ps              _434_:  AOI21X1_45/Y ->  AOI21X1_49/A
   5858.1 ps              _465_:  AOI21X1_49/Y ->   NOR2X1_95/B
   6020.5 ps              _469_:   NOR2X1_95/Y ->  XNOR2X1_55/A
   6129.1 ps         A5_sum_20_:  XNOR2X1_55/Y -> DFFPOSX1_12/D

Path DFFPOSX1_17/CLK to DFFPOSX1_9/D delay 5528.11 ps   Slack = -1528.11 ps
      0.0 ps        clk_bF_buf7:     BUFX4_1/Y -> DFFPOSX1_17/CLK
    285.7 ps     V11_V5_V1_a_1_: DFFPOSX1_17/Q ->  AND2X2_528/B
    461.5 ps      V9_V7_V1_H0_a:  AND2X2_528/Y ->  AND2X2_531/B
    603.1 ps  V9_V7_V1_H0_carry:  AND2X2_531/Y ->  XOR2X1_334/A
    758.9 ps    V9_V7_V1_H1_sum:  XOR2X1_334/Y -> NAND2X1_526/B
    918.7 ps             _2661_: NAND2X1_526/Y -> OAI21X1_371/B
   1081.6 ps             _2665_: OAI21X1_371/Y -> AOI21X1_230/B
   1199.7 ps             _2668_: AOI21X1_230/Y -> XNOR2X1_362/A
   1374.0 ps    V9_V7_A0_sum_3_: XNOR2X1_362/Y ->  AND2X2_526/A
   1537.5 ps             _2723_:  AND2X2_526/Y ->  NOR2X1_574/B
   1637.1 ps             _2725_:  NOR2X1_574/Y ->  NAND3X1_92/C
   1749.0 ps             _2726_:  NAND3X1_92/Y -> AOI21X1_236/A
   1843.1 ps             _2740_: AOI21X1_236/Y -> OAI21X1_381/A
   1925.8 ps             _2742_: OAI21X1_381/Y -> NAND2X1_539/A
   2063.9 ps         V9_A4_a_7_: NAND2X1_539/Y ->  XOR2X1_285/A
   2255.6 ps             _2385_:  XOR2X1_285/Y -> NAND2X1_471/B
   2392.8 ps             _2308_: NAND2X1_471/Y -> OAI21X1_329/A
   2532.1 ps             _2311_: OAI21X1_329/Y ->  NOR2X1_494/A
   2697.2 ps             _2312_:  NOR2X1_494/Y -> OAI21X1_330/A
   2827.5 ps             _2317_: OAI21X1_330/Y ->  XOR2X1_286/A
   2952.6 ps       V9_A4_sum_9_:  XOR2X1_286/Y ->   INVX1_370/A
   3019.9 ps             _2413_:   INVX1_370/Y ->  NOR2X1_514/B
   3110.9 ps             _2414_:  NOR2X1_514/Y ->  NOR2X1_516/B
   3269.0 ps             _2416_:  NOR2X1_516/Y -> NAND2X1_495/B
   3419.7 ps             _2417_: NAND2X1_495/Y ->   INVX1_371/A
   3491.1 ps             _2418_:   INVX1_371/Y -> OAI21X1_344/C
   3563.0 ps             _2419_: OAI21X1_344/Y -> AOI21X1_214/B
   3668.9 ps             _2426_: AOI21X1_214/Y -> OAI21X1_348/A
   3754.9 ps             _2439_: OAI21X1_348/Y -> NAND2X1_497/A
   3952.1 ps            A3_a_7_: NAND2X1_497/Y ->  XNOR2X1_12/A
   4126.3 ps              _112_:  XNOR2X1_12/Y ->    NOR2X1_8/B
   4263.1 ps              _116_:    NOR2X1_8/Y ->   NAND2X1_8/A
   4355.8 ps                _3_:   NAND2X1_8/Y ->  NAND2X1_10/B
   4454.5 ps                _8_:  NAND2X1_10/Y ->   NOR2X1_10/A
   4641.4 ps                _9_:   NOR2X1_10/Y ->   OAI21X1_7/A
   4808.0 ps               _21_:   OAI21X1_7/Y ->   AOI21X1_6/B
   4926.8 ps               _26_:   AOI21X1_6/Y ->  XNOR2X1_15/A
   5079.1 ps         A3_sum_11_:  XNOR2X1_15/Y ->   XOR2X1_37/A
   5295.9 ps              _384_:   XOR2X1_37/Y ->  NAND2X1_89/B
   5442.5 ps              _385_:  NAND2X1_89/Y ->  OAI21X1_58/A
   5613.0 ps              _388_:  OAI21X1_58/Y ->  AOI21X1_45/B
   5735.8 ps              _434_:  AOI21X1_45/Y ->  OAI21X1_65/C
   5903.7 ps              _435_:  OAI21X1_65/Y ->  AOI21X1_46/B
   6027.0 ps              _442_:  AOI21X1_46/Y ->   XOR2X1_42/A
   6124.6 ps         A5_sum_17_:   XOR2X1_42/Y ->  DFFPOSX1_9/D

Path DFFPOSX1_17/CLK to DFFPOSX1_8/D delay 5418.02 ps   Slack = -1418.02 ps
      0.0 ps        clk_bF_buf7:     BUFX4_1/Y -> DFFPOSX1_17/CLK
    285.7 ps     V11_V5_V1_a_1_: DFFPOSX1_17/Q ->  AND2X2_528/B
    461.5 ps      V9_V7_V1_H0_a:  AND2X2_528/Y ->  AND2X2_531/B
    603.1 ps  V9_V7_V1_H0_carry:  AND2X2_531/Y ->  XOR2X1_334/A
    758.9 ps    V9_V7_V1_H1_sum:  XOR2X1_334/Y -> NAND2X1_526/B
    918.7 ps             _2661_: NAND2X1_526/Y -> OAI21X1_371/B
   1081.6 ps             _2665_: OAI21X1_371/Y -> AOI21X1_230/B
   1199.7 ps             _2668_: AOI21X1_230/Y -> XNOR2X1_362/A
   1374.0 ps    V9_V7_A0_sum_3_: XNOR2X1_362/Y ->  AND2X2_526/A
   1537.5 ps             _2723_:  AND2X2_526/Y ->  NOR2X1_574/B
   1637.1 ps             _2725_:  NOR2X1_574/Y ->  NAND3X1_92/C
   1749.0 ps             _2726_:  NAND3X1_92/Y -> AOI21X1_236/A
   1843.1 ps             _2740_: AOI21X1_236/Y -> OAI21X1_381/A
   1925.8 ps             _2742_: OAI21X1_381/Y -> NAND2X1_539/A
   2063.9 ps         V9_A4_a_7_: NAND2X1_539/Y ->  XOR2X1_285/A
   2255.6 ps             _2385_:  XOR2X1_285/Y -> NAND2X1_471/B
   2392.8 ps             _2308_: NAND2X1_471/Y -> OAI21X1_329/A
   2532.1 ps             _2311_: OAI21X1_329/Y ->  NOR2X1_494/A
   2697.2 ps             _2312_:  NOR2X1_494/Y -> OAI21X1_330/A
   2827.5 ps             _2317_: OAI21X1_330/Y ->  XOR2X1_286/A
   2952.6 ps       V9_A4_sum_9_:  XOR2X1_286/Y ->   INVX1_370/A
   3019.9 ps             _2413_:   INVX1_370/Y ->  NOR2X1_514/B
   3110.9 ps             _2414_:  NOR2X1_514/Y ->  NOR2X1_516/B
   3269.0 ps             _2416_:  NOR2X1_516/Y -> NAND2X1_495/B
   3419.7 ps             _2417_: NAND2X1_495/Y ->   INVX1_371/A
   3491.1 ps             _2418_:   INVX1_371/Y -> OAI21X1_344/C
   3563.0 ps             _2419_: OAI21X1_344/Y -> AOI21X1_214/B
   3668.9 ps             _2426_: AOI21X1_214/Y -> OAI21X1_348/A
   3754.9 ps             _2439_: OAI21X1_348/Y -> NAND2X1_497/A
   3952.1 ps            A3_a_7_: NAND2X1_497/Y ->  XNOR2X1_12/A
   4126.3 ps              _112_:  XNOR2X1_12/Y ->    NOR2X1_8/B
   4263.1 ps              _116_:    NOR2X1_8/Y ->   NAND2X1_8/A
   4355.8 ps                _3_:   NAND2X1_8/Y ->  NAND2X1_10/B
   4454.5 ps                _8_:  NAND2X1_10/Y ->   NOR2X1_10/A
   4641.4 ps                _9_:   NOR2X1_10/Y ->   OAI21X1_7/A
   4808.0 ps               _21_:   OAI21X1_7/Y ->   AOI21X1_6/B
   4926.8 ps               _26_:   AOI21X1_6/Y ->  XNOR2X1_15/A
   5079.1 ps         A3_sum_11_:  XNOR2X1_15/Y ->   XOR2X1_37/A
   5295.9 ps              _384_:   XOR2X1_37/Y ->  NAND2X1_89/B
   5442.5 ps              _385_:  NAND2X1_89/Y ->  OAI21X1_58/A
   5613.0 ps              _388_:  OAI21X1_58/Y ->  AOI21X1_45/B
   5735.8 ps              _434_:  AOI21X1_45/Y ->  OAI21X1_65/C
   5903.7 ps              _435_:  OAI21X1_65/Y ->  XNOR2X1_51/A
   6014.3 ps         A5_sum_16_:  XNOR2X1_51/Y ->  DFFPOSX1_8/D

Path DFFPOSX1_17/CLK to DFFPOSX1_7/D delay 5209.1 ps   Slack = -1209.1 ps
      0.0 ps        clk_bF_buf7:     BUFX4_1/Y -> DFFPOSX1_17/CLK
    285.7 ps     V11_V5_V1_a_1_: DFFPOSX1_17/Q ->  AND2X2_528/B
    461.5 ps      V9_V7_V1_H0_a:  AND2X2_528/Y ->  AND2X2_531/B
    603.1 ps  V9_V7_V1_H0_carry:  AND2X2_531/Y ->  XOR2X1_334/A
    758.9 ps    V9_V7_V1_H1_sum:  XOR2X1_334/Y -> NAND2X1_526/B
    918.7 ps             _2661_: NAND2X1_526/Y -> OAI21X1_371/B
   1081.6 ps             _2665_: OAI21X1_371/Y -> AOI21X1_230/B
   1199.7 ps             _2668_: AOI21X1_230/Y -> XNOR2X1_362/A
   1374.0 ps    V9_V7_A0_sum_3_: XNOR2X1_362/Y ->  AND2X2_526/A
   1537.5 ps             _2723_:  AND2X2_526/Y ->  NOR2X1_574/B
   1637.1 ps             _2725_:  NOR2X1_574/Y ->  NAND3X1_92/C
   1749.0 ps             _2726_:  NAND3X1_92/Y -> AOI21X1_236/A
   1843.1 ps             _2740_: AOI21X1_236/Y -> OAI21X1_381/A
   1925.8 ps             _2742_: OAI21X1_381/Y -> NAND2X1_539/A
   2063.9 ps         V9_A4_a_7_: NAND2X1_539/Y ->  XOR2X1_285/A
   2255.6 ps             _2385_:  XOR2X1_285/Y -> NAND2X1_471/B
   2392.8 ps             _2308_: NAND2X1_471/Y -> OAI21X1_329/A
   2532.1 ps             _2311_: OAI21X1_329/Y ->  NOR2X1_494/A
   2697.2 ps             _2312_:  NOR2X1_494/Y -> OAI21X1_330/A
   2827.5 ps             _2317_: OAI21X1_330/Y ->  XOR2X1_286/A
   2952.6 ps       V9_A4_sum_9_:  XOR2X1_286/Y ->   INVX1_370/A
   3019.9 ps             _2413_:   INVX1_370/Y ->  NOR2X1_514/B
   3110.9 ps             _2414_:  NOR2X1_514/Y ->  NOR2X1_516/B
   3269.0 ps             _2416_:  NOR2X1_516/Y -> NAND2X1_495/B
   3419.7 ps             _2417_: NAND2X1_495/Y ->   INVX1_371/A
   3491.1 ps             _2418_:   INVX1_371/Y -> OAI21X1_344/C
   3563.0 ps             _2419_: OAI21X1_344/Y -> AOI21X1_214/B
   3668.9 ps             _2426_: AOI21X1_214/Y -> OAI21X1_348/A
   3754.9 ps             _2439_: OAI21X1_348/Y -> NAND2X1_497/A
   3952.1 ps            A3_a_7_: NAND2X1_497/Y ->  XNOR2X1_12/A
   4126.3 ps              _112_:  XNOR2X1_12/Y ->    NOR2X1_8/B
   4263.1 ps              _116_:    NOR2X1_8/Y ->   NAND2X1_8/A
   4355.8 ps                _3_:   NAND2X1_8/Y ->  NAND2X1_10/B
   4454.5 ps                _8_:  NAND2X1_10/Y ->   NOR2X1_10/A
   4641.4 ps                _9_:   NOR2X1_10/Y ->   OAI21X1_7/A
   4808.0 ps               _21_:   OAI21X1_7/Y ->   AOI21X1_6/B
   4926.8 ps               _26_:   AOI21X1_6/Y ->  XNOR2X1_15/A
   5079.1 ps         A3_sum_11_:  XNOR2X1_15/Y ->   XOR2X1_37/A
   5295.9 ps              _384_:   XOR2X1_37/Y ->  NAND2X1_89/B
   5442.5 ps              _385_:  NAND2X1_89/Y ->  OAI21X1_58/A
   5613.0 ps              _388_:  OAI21X1_58/Y ->  OAI21X1_60/B
   5731.4 ps              _413_:  OAI21X1_60/Y ->  AOI21X1_44/B
   5838.1 ps              _415_:  AOI21X1_44/Y ->   NOR2X1_85/B
   5937.2 ps              _422_:   NOR2X1_85/Y ->  XNOR2X1_50/A
   6033.6 ps         A5_sum_15_:  XNOR2X1_50/Y ->  DFFPOSX1_7/D

Path DFFPOSX1_17/CLK to DFFPOSX1_6/D delay 5102.85 ps   Slack = -1102.85 ps
      0.0 ps        clk_bF_buf7:     BUFX4_1/Y -> DFFPOSX1_17/CLK
    285.7 ps     V11_V5_V1_a_1_: DFFPOSX1_17/Q ->  AND2X2_528/B
    461.5 ps      V9_V7_V1_H0_a:  AND2X2_528/Y ->  AND2X2_531/B
    603.1 ps  V9_V7_V1_H0_carry:  AND2X2_531/Y ->  XOR2X1_334/A
    758.9 ps    V9_V7_V1_H1_sum:  XOR2X1_334/Y -> NAND2X1_526/B
    918.7 ps             _2661_: NAND2X1_526/Y -> OAI21X1_371/B
   1081.6 ps             _2665_: OAI21X1_371/Y -> AOI21X1_230/B
   1199.7 ps             _2668_: AOI21X1_230/Y -> XNOR2X1_362/A
   1374.0 ps    V9_V7_A0_sum_3_: XNOR2X1_362/Y ->  AND2X2_526/A
   1537.5 ps             _2723_:  AND2X2_526/Y ->  NOR2X1_574/B
   1637.1 ps             _2725_:  NOR2X1_574/Y ->  NAND3X1_92/C
   1749.0 ps             _2726_:  NAND3X1_92/Y -> AOI21X1_236/A
   1843.1 ps             _2740_: AOI21X1_236/Y -> OAI21X1_381/A
   1925.8 ps             _2742_: OAI21X1_381/Y -> NAND2X1_539/A
   2063.9 ps         V9_A4_a_7_: NAND2X1_539/Y ->  XOR2X1_285/A
   2255.6 ps             _2385_:  XOR2X1_285/Y -> NAND2X1_471/B
   2392.8 ps             _2308_: NAND2X1_471/Y -> OAI21X1_329/A
   2532.1 ps             _2311_: OAI21X1_329/Y ->  NOR2X1_494/A
   2697.2 ps             _2312_:  NOR2X1_494/Y -> OAI21X1_330/A
   2827.5 ps             _2317_: OAI21X1_330/Y ->  XOR2X1_286/A
   2952.6 ps       V9_A4_sum_9_:  XOR2X1_286/Y ->   INVX1_370/A
   3019.9 ps             _2413_:   INVX1_370/Y ->  NOR2X1_514/B
   3110.9 ps             _2414_:  NOR2X1_514/Y ->  NOR2X1_516/B
   3269.0 ps             _2416_:  NOR2X1_516/Y -> NAND2X1_495/B
   3419.7 ps             _2417_: NAND2X1_495/Y ->   INVX1_371/A
   3491.1 ps             _2418_:   INVX1_371/Y -> OAI21X1_344/C
   3563.0 ps             _2419_: OAI21X1_344/Y -> AOI21X1_214/B
   3668.9 ps             _2426_: AOI21X1_214/Y -> OAI21X1_348/A
   3754.9 ps             _2439_: OAI21X1_348/Y -> NAND2X1_497/A
   3952.1 ps            A3_a_7_: NAND2X1_497/Y ->  XNOR2X1_12/A
   4126.3 ps              _112_:  XNOR2X1_12/Y ->    NOR2X1_8/B
   4263.1 ps              _116_:    NOR2X1_8/Y ->   NAND2X1_8/A
   4355.8 ps                _3_:   NAND2X1_8/Y ->  NAND2X1_10/B
   4454.5 ps                _8_:  NAND2X1_10/Y ->   NOR2X1_10/A
   4641.4 ps                _9_:   NOR2X1_10/Y ->   OAI21X1_7/A
   4808.0 ps               _21_:   OAI21X1_7/Y ->   AOI21X1_6/B
   4926.8 ps               _26_:   AOI21X1_6/Y ->  XNOR2X1_15/A
   5079.1 ps         A3_sum_11_:  XNOR2X1_15/Y ->   XOR2X1_37/A
   5295.9 ps              _384_:   XOR2X1_37/Y ->  NAND2X1_89/B
   5442.5 ps              _385_:  NAND2X1_89/Y ->  OAI21X1_58/A
   5613.0 ps              _388_:  OAI21X1_58/Y ->   NOR2X1_78/A
   5785.3 ps              _396_:   NOR2X1_78/Y ->  OAI21X1_61/A
   5888.5 ps              _417_:  OAI21X1_61/Y ->   NOR2X1_83/B
   5957.9 ps              _421_:   NOR2X1_83/Y ->   NOR2X1_84/B
   6010.5 ps         A5_sum_14_:   NOR2X1_84/Y ->  DFFPOSX1_6/D

Path DFFPOSX1_17/CLK to DFFPOSX1_5/D delay 4940.15 ps   Slack = -940.152 ps
      0.0 ps        clk_bF_buf7:     BUFX4_1/Y -> DFFPOSX1_17/CLK
    285.7 ps     V11_V5_V1_a_1_: DFFPOSX1_17/Q ->  AND2X2_528/B
    461.5 ps      V9_V7_V1_H0_a:  AND2X2_528/Y ->  AND2X2_531/B
    603.1 ps  V9_V7_V1_H0_carry:  AND2X2_531/Y ->  XOR2X1_334/A
    758.9 ps    V9_V7_V1_H1_sum:  XOR2X1_334/Y -> NAND2X1_526/B
    918.7 ps             _2661_: NAND2X1_526/Y -> OAI21X1_371/B
   1081.6 ps             _2665_: OAI21X1_371/Y -> AOI21X1_230/B
   1199.7 ps             _2668_: AOI21X1_230/Y -> XNOR2X1_362/A
   1374.0 ps    V9_V7_A0_sum_3_: XNOR2X1_362/Y ->  AND2X2_526/A
   1537.5 ps             _2723_:  AND2X2_526/Y ->  NOR2X1_574/B
   1637.1 ps             _2725_:  NOR2X1_574/Y ->  NAND3X1_92/C
   1749.0 ps             _2726_:  NAND3X1_92/Y -> AOI21X1_236/A
   1843.1 ps             _2740_: AOI21X1_236/Y -> OAI21X1_381/A
   1925.8 ps             _2742_: OAI21X1_381/Y -> NAND2X1_539/A
   2063.9 ps         V9_A4_a_7_: NAND2X1_539/Y ->  XOR2X1_285/A
   2255.6 ps             _2385_:  XOR2X1_285/Y -> NAND2X1_471/B
   2392.8 ps             _2308_: NAND2X1_471/Y -> OAI21X1_329/A
   2532.1 ps             _2311_: OAI21X1_329/Y ->  NOR2X1_494/A
   2697.2 ps             _2312_:  NOR2X1_494/Y -> OAI21X1_330/A
   2827.5 ps             _2317_: OAI21X1_330/Y ->  XOR2X1_286/A
   2952.6 ps       V9_A4_sum_9_:  XOR2X1_286/Y ->   INVX1_370/A
   3019.9 ps             _2413_:   INVX1_370/Y ->  NOR2X1_514/B
   3110.9 ps             _2414_:  NOR2X1_514/Y ->  NOR2X1_516/B
   3269.0 ps             _2416_:  NOR2X1_516/Y -> NAND2X1_495/B
   3419.7 ps             _2417_: NAND2X1_495/Y ->   INVX1_371/A
   3491.1 ps             _2418_:   INVX1_371/Y -> OAI21X1_344/C
   3563.0 ps             _2419_: OAI21X1_344/Y -> AOI21X1_214/B
   3668.9 ps             _2426_: AOI21X1_214/Y -> OAI21X1_348/A
   3754.9 ps             _2439_: OAI21X1_348/Y -> NAND2X1_497/A
   3952.1 ps            A3_a_7_: NAND2X1_497/Y ->  XNOR2X1_12/A
   4126.3 ps              _112_:  XNOR2X1_12/Y ->    NOR2X1_8/B
   4263.1 ps              _116_:    NOR2X1_8/Y ->   NAND2X1_8/A
   4355.8 ps                _3_:   NAND2X1_8/Y ->  NAND2X1_10/B
   4454.5 ps                _8_:  NAND2X1_10/Y ->   NOR2X1_10/A
   4641.4 ps                _9_:   NOR2X1_10/Y ->   OAI21X1_7/A
   4808.0 ps               _21_:   OAI21X1_7/Y ->   AOI21X1_6/B
   4926.8 ps               _26_:   AOI21X1_6/Y ->  XNOR2X1_15/A
   5079.1 ps         A3_sum_11_:  XNOR2X1_15/Y ->   XOR2X1_37/A
   5295.9 ps              _384_:   XOR2X1_37/Y ->  NAND2X1_89/B
   5442.5 ps              _385_:  NAND2X1_89/Y ->  OAI21X1_58/A
   5613.0 ps              _388_:  OAI21X1_58/Y ->   NOR2X1_78/A
   5785.3 ps              _396_:   NOR2X1_78/Y ->  OAI21X1_59/A
   5916.0 ps              _403_:  OAI21X1_59/Y ->   XOR2X1_40/A
   6014.8 ps         A5_sum_13_:   XOR2X1_40/Y ->  DFFPOSX1_5/D

Path DFFPOSX1_17/CLK to DFFPOSX1_4/D delay 4819.55 ps   Slack = -819.552 ps
      0.0 ps        clk_bF_buf7:     BUFX4_1/Y -> DFFPOSX1_17/CLK
    285.7 ps     V11_V5_V1_a_1_: DFFPOSX1_17/Q ->  AND2X2_528/B
    461.5 ps      V9_V7_V1_H0_a:  AND2X2_528/Y ->  AND2X2_531/B
    603.1 ps  V9_V7_V1_H0_carry:  AND2X2_531/Y ->  XOR2X1_334/A
    758.9 ps    V9_V7_V1_H1_sum:  XOR2X1_334/Y -> NAND2X1_526/B
    918.7 ps             _2661_: NAND2X1_526/Y -> OAI21X1_371/B
   1081.6 ps             _2665_: OAI21X1_371/Y -> AOI21X1_230/B
   1199.7 ps             _2668_: AOI21X1_230/Y -> XNOR2X1_362/A
   1374.0 ps    V9_V7_A0_sum_3_: XNOR2X1_362/Y ->  AND2X2_526/A
   1537.5 ps             _2723_:  AND2X2_526/Y ->  NOR2X1_574/B
   1637.1 ps             _2725_:  NOR2X1_574/Y ->  NAND3X1_92/C
   1749.0 ps             _2726_:  NAND3X1_92/Y -> AOI21X1_236/A
   1843.1 ps             _2740_: AOI21X1_236/Y -> OAI21X1_381/A
   1925.8 ps             _2742_: OAI21X1_381/Y -> NAND2X1_539/A
   2063.9 ps         V9_A4_a_7_: NAND2X1_539/Y ->  XOR2X1_285/A
   2255.6 ps             _2385_:  XOR2X1_285/Y -> NAND2X1_471/B
   2392.8 ps             _2308_: NAND2X1_471/Y -> OAI21X1_329/A
   2532.1 ps             _2311_: OAI21X1_329/Y ->  NOR2X1_494/A
   2697.2 ps             _2312_:  NOR2X1_494/Y -> OAI21X1_330/A
   2827.5 ps             _2317_: OAI21X1_330/Y ->  XOR2X1_286/A
   2952.6 ps       V9_A4_sum_9_:  XOR2X1_286/Y ->   INVX1_370/A
   3019.9 ps             _2413_:   INVX1_370/Y ->  NOR2X1_514/B
   3110.9 ps             _2414_:  NOR2X1_514/Y ->  NOR2X1_516/B
   3269.0 ps             _2416_:  NOR2X1_516/Y -> NAND2X1_495/B
   3419.7 ps             _2417_: NAND2X1_495/Y ->   INVX1_371/A
   3491.1 ps             _2418_:   INVX1_371/Y -> OAI21X1_344/C
   3563.0 ps             _2419_: OAI21X1_344/Y -> AOI21X1_214/B
   3668.9 ps             _2426_: AOI21X1_214/Y -> OAI21X1_348/A
   3754.9 ps             _2439_: OAI21X1_348/Y -> NAND2X1_497/A
   3952.1 ps            A3_a_7_: NAND2X1_497/Y ->  XNOR2X1_12/A
   4126.3 ps              _112_:  XNOR2X1_12/Y ->    NOR2X1_8/B
   4263.1 ps              _116_:    NOR2X1_8/Y ->   NAND2X1_8/A
   4355.8 ps                _3_:   NAND2X1_8/Y ->  NAND2X1_10/B
   4454.5 ps                _8_:  NAND2X1_10/Y ->   NOR2X1_10/A
   4641.4 ps                _9_:   NOR2X1_10/Y ->   OAI21X1_7/A
   4808.0 ps               _21_:   OAI21X1_7/Y ->   AOI21X1_6/B
   4926.8 ps               _26_:   AOI21X1_6/Y ->  XNOR2X1_15/A
   5079.1 ps         A3_sum_11_:  XNOR2X1_15/Y ->   XOR2X1_37/A
   5295.9 ps              _384_:   XOR2X1_37/Y ->  NAND2X1_89/B
   5442.5 ps              _385_:  NAND2X1_89/Y ->  OAI21X1_58/A
   5613.0 ps              _388_:  OAI21X1_58/Y ->   NOR2X1_78/A
   5785.3 ps              _396_:   NOR2X1_78/Y ->  XNOR2X1_47/A
   5894.2 ps         A5_sum_12_:  XNOR2X1_47/Y ->  DFFPOSX1_4/D

Path DFFPOSX1_17/CLK to DFFPOSX1_3/D delay 4633.92 ps   Slack = -633.916 ps
      0.0 ps        clk_bF_buf7:     BUFX4_1/Y -> DFFPOSX1_17/CLK
    285.7 ps     V11_V5_V1_a_1_: DFFPOSX1_17/Q ->  AND2X2_462/B
    461.5 ps      V9_V5_V1_H0_a:  AND2X2_462/Y ->  AND2X2_465/B
    603.1 ps  V9_V5_V1_H0_carry:  AND2X2_465/Y ->  XOR2X1_304/A
    758.9 ps    V9_V5_V1_H1_sum:  XOR2X1_304/Y -> NAND2X1_498/B
    918.7 ps             _2495_: NAND2X1_498/Y -> OAI21X1_349/B
   1081.6 ps             _2499_: OAI21X1_349/Y -> AOI21X1_216/B
   1199.7 ps             _2502_: AOI21X1_216/Y -> XNOR2X1_334/A
   1374.0 ps    V9_V5_A0_sum_3_: XNOR2X1_334/Y ->  AND2X2_460/A
   1537.5 ps             _2557_:  AND2X2_460/Y ->  NOR2X1_536/B
   1637.1 ps             _2559_:  NOR2X1_536/Y ->  NAND3X1_84/C
   1749.0 ps             _2560_:  NAND3X1_84/Y -> AOI21X1_222/A
   1843.1 ps             _2574_: AOI21X1_222/Y -> OAI21X1_359/A
   1925.8 ps             _2576_: OAI21X1_359/Y -> NAND2X1_511/A
   2072.4 ps         V9_A3_a_3_: NAND2X1_511/Y -> XNOR2X1_309/A
   2246.7 ps             _2266_: XNOR2X1_309/Y ->   NOR3X1_37/B
   2376.7 ps             _2267_:   NOR3X1_37/Y ->  NOR2X1_478/B
   2541.8 ps             _2272_:  NOR2X1_478/Y -> OAI21X1_317/A
   2672.3 ps             _2277_: OAI21X1_317/Y -> XNOR2X1_312/A
   2866.7 ps       V9_A3_sum_5_: XNOR2X1_312/Y ->   INVX1_360/A
   2992.8 ps             _2468_:   INVX1_360/Y -> OAI21X1_339/A
   3081.2 ps             _2470_: OAI21X1_339/Y -> OAI21X1_340/C
   3180.7 ps             _2471_: OAI21X1_340/Y -> OAI21X1_341/C
   3318.5 ps             _2473_: OAI21X1_341/Y -> AOI21X1_210/B
   3435.0 ps             _2478_: AOI21X1_210/Y -> XNOR2X1_330/A
   3581.6 ps            A3_a_3_: XNOR2X1_330/Y ->     INVX1_1/A
   3689.5 ps               _89_:     INVX1_1/Y ->   AOI21X1_2/A
   3780.2 ps               _92_:   AOI21X1_2/Y ->    NOR2X1_5/B
   3867.7 ps               _93_:    NOR2X1_5/Y ->     INVX1_3/A
   3962.6 ps               _94_:     INVX1_3/Y ->    NOR2X1_6/A
   4077.8 ps               _95_:    NOR2X1_6/Y ->     INVX1_4/A
   4187.2 ps               _97_:     INVX1_4/Y ->   AOI21X1_4/B
   4326.4 ps              _107_:   AOI21X1_4/Y ->   OAI21X1_4/A
   4449.8 ps              _111_:   OAI21X1_4/Y ->  XNOR2X1_13/A
   4617.0 ps          A3_sum_7_:  XNOR2X1_13/Y ->   XOR2X1_32/A
   4810.0 ps              _348_:   XOR2X1_32/Y ->  NAND2X1_81/B
   4947.1 ps              _350_:  NAND2X1_81/Y ->  OAI21X1_54/A
   5119.6 ps              _356_:  OAI21X1_54/Y ->  AOI21X1_38/C
   5317.2 ps              _357_:  AOI21X1_38/Y ->  OAI21X1_57/A
   5447.6 ps              _378_:  OAI21X1_57/Y ->   AND2X2_21/A
   5581.4 ps              _380_:   AND2X2_21/Y ->   NOR2X1_76/B
   5671.0 ps              _383_:   NOR2X1_76/Y ->  XNOR2X1_46/A
   5766.6 ps         A5_sum_11_:  XNOR2X1_46/Y ->  DFFPOSX1_3/D

Path DFFPOSX1_17/CLK to DFFPOSX1_2/D delay 4500 ps   Slack = -499.997 ps
      0.0 ps        clk_bF_buf7:     BUFX4_1/Y -> DFFPOSX1_17/CLK
    285.7 ps     V11_V5_V1_a_1_: DFFPOSX1_17/Q ->  AND2X2_462/B
    461.5 ps      V9_V5_V1_H0_a:  AND2X2_462/Y ->  AND2X2_465/B
    603.1 ps  V9_V5_V1_H0_carry:  AND2X2_465/Y ->  XOR2X1_304/A
    758.9 ps    V9_V5_V1_H1_sum:  XOR2X1_304/Y -> NAND2X1_498/B
    918.7 ps             _2495_: NAND2X1_498/Y -> OAI21X1_349/B
   1081.6 ps             _2499_: OAI21X1_349/Y -> AOI21X1_216/B
   1199.7 ps             _2502_: AOI21X1_216/Y -> XNOR2X1_334/A
   1374.0 ps    V9_V5_A0_sum_3_: XNOR2X1_334/Y ->  AND2X2_460/A
   1537.5 ps             _2557_:  AND2X2_460/Y ->  NOR2X1_536/B
   1637.1 ps             _2559_:  NOR2X1_536/Y ->  NAND3X1_84/C
   1749.0 ps             _2560_:  NAND3X1_84/Y -> AOI21X1_222/A
   1843.1 ps             _2574_: AOI21X1_222/Y -> OAI21X1_359/A
   1925.8 ps             _2576_: OAI21X1_359/Y -> NAND2X1_511/A
   2072.4 ps         V9_A3_a_3_: NAND2X1_511/Y -> XNOR2X1_309/A
   2246.7 ps             _2266_: XNOR2X1_309/Y ->   NOR3X1_37/B
   2376.7 ps             _2267_:   NOR3X1_37/Y ->  NOR2X1_478/B
   2541.8 ps             _2272_:  NOR2X1_478/Y -> OAI21X1_317/A
   2672.3 ps             _2277_: OAI21X1_317/Y -> XNOR2X1_312/A
   2866.7 ps       V9_A3_sum_5_: XNOR2X1_312/Y ->   INVX1_360/A
   2992.8 ps             _2468_:   INVX1_360/Y -> OAI21X1_339/A
   3081.2 ps             _2470_: OAI21X1_339/Y -> OAI21X1_340/C
   3180.7 ps             _2471_: OAI21X1_340/Y -> OAI21X1_341/C
   3318.5 ps             _2473_: OAI21X1_341/Y -> AOI21X1_210/B
   3435.0 ps             _2478_: AOI21X1_210/Y -> XNOR2X1_330/A
   3581.6 ps            A3_a_3_: XNOR2X1_330/Y ->     INVX1_1/A
   3689.5 ps               _89_:     INVX1_1/Y ->   AOI21X1_2/A
   3780.2 ps               _92_:   AOI21X1_2/Y ->    NOR2X1_5/B
   3867.7 ps               _93_:    NOR2X1_5/Y ->     INVX1_3/A
   3962.6 ps               _94_:     INVX1_3/Y ->    NOR2X1_6/A
   4077.8 ps               _95_:    NOR2X1_6/Y ->     INVX1_4/A
   4187.2 ps               _97_:     INVX1_4/Y ->   AOI21X1_4/B
   4326.4 ps              _107_:   AOI21X1_4/Y ->   OAI21X1_4/A
   4449.8 ps              _111_:   OAI21X1_4/Y ->  XNOR2X1_13/A
   4617.0 ps          A3_sum_7_:  XNOR2X1_13/Y ->   XOR2X1_32/A
   4810.0 ps              _348_:   XOR2X1_32/Y ->  NAND2X1_81/B
   4947.1 ps              _350_:  NAND2X1_81/Y ->  OAI21X1_54/A
   5119.6 ps              _356_:  OAI21X1_54/Y ->  AOI21X1_38/C
   5317.2 ps              _357_:  AOI21X1_38/Y ->  OAI21X1_57/A
   5447.6 ps              _378_:  OAI21X1_57/Y ->   AND2X2_21/A
   5581.4 ps              _380_:   AND2X2_21/Y ->   NOR2X1_75/B
   5632.6 ps         A5_sum_10_:   NOR2X1_75/Y ->  DFFPOSX1_2/D

Path DFFPOSX1_17/CLK to DFFPOSX1_1/D delay 4243.58 ps   Slack = -243.579 ps
      0.0 ps        clk_bF_buf7:     BUFX4_1/Y -> DFFPOSX1_17/CLK
    285.7 ps     V11_V5_V1_a_1_: DFFPOSX1_17/Q ->  AND2X2_462/B
    461.5 ps      V9_V5_V1_H0_a:  AND2X2_462/Y ->  AND2X2_465/B
    603.1 ps  V9_V5_V1_H0_carry:  AND2X2_465/Y ->  XOR2X1_304/A
    758.9 ps    V9_V5_V1_H1_sum:  XOR2X1_304/Y -> NAND2X1_498/B
    918.7 ps             _2495_: NAND2X1_498/Y -> OAI21X1_349/B
   1081.6 ps             _2499_: OAI21X1_349/Y -> AOI21X1_216/B
   1199.7 ps             _2502_: AOI21X1_216/Y -> XNOR2X1_334/A
   1374.0 ps    V9_V5_A0_sum_3_: XNOR2X1_334/Y ->  AND2X2_460/A
   1537.5 ps             _2557_:  AND2X2_460/Y ->  NOR2X1_536/B
   1637.1 ps             _2559_:  NOR2X1_536/Y ->  NAND3X1_84/C
   1749.0 ps             _2560_:  NAND3X1_84/Y -> AOI21X1_222/A
   1843.1 ps             _2574_: AOI21X1_222/Y -> OAI21X1_359/A
   1925.8 ps             _2576_: OAI21X1_359/Y -> NAND2X1_511/A
   2072.4 ps         V9_A3_a_3_: NAND2X1_511/Y -> XNOR2X1_309/A
   2246.7 ps             _2266_: XNOR2X1_309/Y ->   NOR3X1_37/B
   2376.7 ps             _2267_:   NOR3X1_37/Y ->  NOR2X1_478/B
   2541.8 ps             _2272_:  NOR2X1_478/Y -> OAI21X1_317/A
   2672.3 ps             _2277_: OAI21X1_317/Y -> XNOR2X1_312/A
   2866.7 ps       V9_A3_sum_5_: XNOR2X1_312/Y ->   INVX1_360/A
   2992.8 ps             _2468_:   INVX1_360/Y -> OAI21X1_339/A
   3081.2 ps             _2470_: OAI21X1_339/Y -> OAI21X1_340/C
   3180.7 ps             _2471_: OAI21X1_340/Y -> OAI21X1_341/C
   3318.5 ps             _2473_: OAI21X1_341/Y -> AOI21X1_210/B
   3435.0 ps             _2478_: AOI21X1_210/Y -> XNOR2X1_330/A
   3581.6 ps            A3_a_3_: XNOR2X1_330/Y ->     INVX1_1/A
   3689.5 ps               _89_:     INVX1_1/Y ->   AOI21X1_2/A
   3780.2 ps               _92_:   AOI21X1_2/Y ->    NOR2X1_5/B
   3867.7 ps               _93_:    NOR2X1_5/Y ->     INVX1_3/A
   3962.6 ps               _94_:     INVX1_3/Y ->    NOR2X1_6/A
   4077.8 ps               _95_:    NOR2X1_6/Y ->     INVX1_4/A
   4187.2 ps               _97_:     INVX1_4/Y ->   AOI21X1_4/B
   4326.4 ps              _107_:   AOI21X1_4/Y ->   OAI21X1_4/A
   4449.8 ps              _111_:   OAI21X1_4/Y ->  XNOR2X1_13/A
   4617.0 ps          A3_sum_7_:  XNOR2X1_13/Y ->   XOR2X1_32/A
   4810.0 ps              _348_:   XOR2X1_32/Y ->  NAND2X1_81/B
   4947.1 ps              _350_:  NAND2X1_81/Y ->  OAI21X1_54/A
   5119.6 ps              _356_:  OAI21X1_54/Y ->  OAI21X1_55/B
   5229.2 ps              _368_:  OAI21X1_55/Y ->  OAI21X1_56/C
   5331.8 ps              _369_:  OAI21X1_56/Y ->   XOR2X1_35/A
   5429.2 ps          A5_sum_9_:   XOR2X1_35/Y ->  DFFPOSX1_1/D

Path DFFPOSX1_17/CLK to DFFPOSX1_64/D delay 4063.56 ps   Slack = -63.562 ps
      0.0 ps        clk_bF_buf7:     BUFX4_1/Y -> DFFPOSX1_17/CLK
    285.7 ps     V11_V5_V1_a_1_: DFFPOSX1_17/Q ->  AND2X2_462/B
    461.5 ps      V9_V5_V1_H0_a:  AND2X2_462/Y ->  AND2X2_465/B
    603.1 ps  V9_V5_V1_H0_carry:  AND2X2_465/Y ->  XOR2X1_304/A
    758.9 ps    V9_V5_V1_H1_sum:  XOR2X1_304/Y -> NAND2X1_498/B
    918.7 ps             _2495_: NAND2X1_498/Y -> OAI21X1_349/B
   1081.6 ps             _2499_: OAI21X1_349/Y -> AOI21X1_216/B
   1199.7 ps             _2502_: AOI21X1_216/Y -> XNOR2X1_334/A
   1374.0 ps    V9_V5_A0_sum_3_: XNOR2X1_334/Y ->  AND2X2_460/A
   1537.5 ps             _2557_:  AND2X2_460/Y ->  NOR2X1_536/B
   1637.1 ps             _2559_:  NOR2X1_536/Y ->  NAND3X1_84/C
   1749.0 ps             _2560_:  NAND3X1_84/Y -> AOI21X1_222/A
   1843.1 ps             _2574_: AOI21X1_222/Y -> OAI21X1_359/A
   1925.8 ps             _2576_: OAI21X1_359/Y -> NAND2X1_511/A
   2072.4 ps         V9_A3_a_3_: NAND2X1_511/Y -> XNOR2X1_309/A
   2246.7 ps             _2266_: XNOR2X1_309/Y ->   NOR3X1_37/B
   2376.7 ps             _2267_:   NOR3X1_37/Y ->  NOR2X1_478/B
   2541.8 ps             _2272_:  NOR2X1_478/Y -> OAI21X1_317/A
   2672.3 ps             _2277_: OAI21X1_317/Y -> XNOR2X1_312/A
   2866.7 ps       V9_A3_sum_5_: XNOR2X1_312/Y ->   INVX1_360/A
   2992.8 ps             _2468_:   INVX1_360/Y -> OAI21X1_339/A
   3081.2 ps             _2470_: OAI21X1_339/Y -> OAI21X1_340/C
   3180.7 ps             _2471_: OAI21X1_340/Y -> OAI21X1_341/C
   3318.5 ps             _2473_: OAI21X1_341/Y -> AOI21X1_210/B
   3435.0 ps             _2478_: AOI21X1_210/Y -> XNOR2X1_330/A
   3581.6 ps            A3_a_3_: XNOR2X1_330/Y ->     INVX1_1/A
   3689.5 ps               _89_:     INVX1_1/Y ->   AOI21X1_2/A
   3780.2 ps               _92_:   AOI21X1_2/Y ->    NOR2X1_5/B
   3867.7 ps               _93_:    NOR2X1_5/Y ->     INVX1_3/A
   3962.6 ps               _94_:     INVX1_3/Y ->    NOR2X1_6/A
   4077.8 ps               _95_:    NOR2X1_6/Y ->     INVX1_4/A
   4187.2 ps               _97_:     INVX1_4/Y ->   AOI21X1_4/B
   4326.4 ps              _107_:   AOI21X1_4/Y ->   OAI21X1_4/A
   4449.8 ps              _111_:   OAI21X1_4/Y ->  XNOR2X1_13/A
   4617.0 ps          A3_sum_7_:  XNOR2X1_13/Y ->   XOR2X1_32/A
   4810.0 ps              _348_:   XOR2X1_32/Y ->  NAND2X1_81/B
   4947.1 ps              _350_:  NAND2X1_81/Y ->  OAI21X1_54/A
   5119.6 ps              _356_:  OAI21X1_54/Y ->  AOI21X1_38/C
   5317.2 ps              _357_:  AOI21X1_38/Y ->  XNOR2X1_45/A
   5429.3 ps          A5_sum_8_:  XNOR2X1_45/Y -> DFFPOSX1_64/D

Path DFFPOSX1_17/CLK to DFFPOSX1_57/D delay 3878.13 ps   Slack = 121.87 ps
      0.0 ps        clk_bF_buf7:     BUFX4_1/Y -> DFFPOSX1_17/CLK
    285.7 ps     V11_V5_V1_a_1_: DFFPOSX1_17/Q ->  AND2X2_462/B
    461.5 ps      V9_V5_V1_H0_a:  AND2X2_462/Y ->  AND2X2_465/B
    603.1 ps  V9_V5_V1_H0_carry:  AND2X2_465/Y ->  XOR2X1_304/A
    758.9 ps    V9_V5_V1_H1_sum:  XOR2X1_304/Y -> NAND2X1_498/B
    918.7 ps             _2495_: NAND2X1_498/Y -> OAI21X1_349/B
   1081.6 ps             _2499_: OAI21X1_349/Y -> AOI21X1_216/B
   1199.7 ps             _2502_: AOI21X1_216/Y -> XNOR2X1_334/A
   1374.0 ps    V9_V5_A0_sum_3_: XNOR2X1_334/Y ->  AND2X2_460/A
   1537.5 ps             _2557_:  AND2X2_460/Y ->  NOR2X1_536/B
   1637.1 ps             _2559_:  NOR2X1_536/Y ->  NAND3X1_84/C
   1749.0 ps             _2560_:  NAND3X1_84/Y -> NAND2X1_509/A
   1860.3 ps             _2562_: NAND2X1_509/Y -> XNOR2X1_346/A
   2033.8 ps         V9_A3_a_2_: XNOR2X1_346/Y -> NAND2X1_447/A
   2190.9 ps             _2263_: NAND2X1_447/Y -> OAI21X1_315/C
   2308.1 ps             _2265_: OAI21X1_315/Y -> XNOR2X1_310/A
   2530.5 ps       V9_A3_sum_3_: XNOR2X1_310/Y -> NAND2X1_480/A
   2652.2 ps             _2457_: NAND2X1_480/Y -> OAI21X1_338/C
   2750.9 ps             _2459_: OAI21X1_338/Y ->   INVX1_357/A
   2846.5 ps             _2460_:   INVX1_357/Y -> NAND2X1_481/A
   3000.5 ps             _2461_: NAND2X1_481/Y -> AOI21X1_209/B
   3119.8 ps             _2465_: AOI21X1_209/Y -> XNOR2X1_329/A
   3290.9 ps            A3_a_1_: XNOR2X1_329/Y ->   NAND2X1_1/A
   3421.2 ps               _77_:   NAND2X1_1/Y ->   NAND2X1_2/A
   3533.6 ps               _78_:   NAND2X1_2/Y ->   XNOR2X1_1/A
   3704.4 ps          A3_sum_1_:   XNOR2X1_1/Y ->  NAND2X1_69/A
   3834.8 ps              _509_:  NAND2X1_69/Y ->  NAND2X1_70/A
   3947.2 ps              _511_:  NAND2X1_70/Y ->  XNOR2X1_38/A
   4044.1 ps          A5_sum_1_:  XNOR2X1_38/Y -> DFFPOSX1_57/D

Path DFFPOSX1_17/CLK to DFFPOSX1_63/D delay 3606.7 ps   Slack = 393.302 ps
      0.0 ps        clk_bF_buf7:     BUFX4_1/Y -> DFFPOSX1_17/CLK
    285.7 ps     V11_V5_V1_a_1_: DFFPOSX1_17/Q ->  AND2X2_462/B
    461.5 ps      V9_V5_V1_H0_a:  AND2X2_462/Y ->  AND2X2_465/B
    603.1 ps  V9_V5_V1_H0_carry:  AND2X2_465/Y ->  XOR2X1_304/A
    758.9 ps    V9_V5_V1_H1_sum:  XOR2X1_304/Y -> NAND2X1_498/B
    918.7 ps             _2495_: NAND2X1_498/Y -> OAI21X1_349/B
   1081.6 ps             _2499_: OAI21X1_349/Y -> AOI21X1_216/B
   1199.7 ps             _2502_: AOI21X1_216/Y -> XNOR2X1_334/A
   1374.0 ps    V9_V5_A0_sum_3_: XNOR2X1_334/Y ->  AND2X2_460/A
   1537.5 ps             _2557_:  AND2X2_460/Y ->  NOR2X1_536/B
   1637.1 ps             _2559_:  NOR2X1_536/Y ->  NAND3X1_84/C
   1749.0 ps             _2560_:  NAND3X1_84/Y -> AOI21X1_222/A
   1843.1 ps             _2574_: AOI21X1_222/Y -> OAI21X1_359/A
   1925.8 ps             _2576_: OAI21X1_359/Y -> NAND2X1_511/A
   2072.4 ps         V9_A3_a_3_: NAND2X1_511/Y -> XNOR2X1_309/A
   2246.7 ps             _2266_: XNOR2X1_309/Y ->   NOR3X1_37/B
   2376.7 ps             _2267_:   NOR3X1_37/Y ->  NOR2X1_478/B
   2541.8 ps             _2272_:  NOR2X1_478/Y -> OAI21X1_317/A
   2672.3 ps             _2277_: OAI21X1_317/Y -> XNOR2X1_312/A
   2866.7 ps       V9_A3_sum_5_: XNOR2X1_312/Y ->   INVX1_360/A
   2992.8 ps             _2468_:   INVX1_360/Y -> OAI21X1_339/A
   3081.2 ps             _2470_: OAI21X1_339/Y -> OAI21X1_340/C
   3180.7 ps             _2471_: OAI21X1_340/Y -> OAI21X1_341/C
   3318.5 ps             _2473_: OAI21X1_341/Y -> AOI21X1_210/B
   3435.0 ps             _2478_: AOI21X1_210/Y -> XNOR2X1_330/A
   3581.6 ps            A3_a_3_: XNOR2X1_330/Y ->     INVX1_1/A
   3689.5 ps               _89_:     INVX1_1/Y ->   AOI21X1_2/A
   3780.2 ps               _92_:   AOI21X1_2/Y ->    NOR2X1_5/B
   3867.7 ps               _93_:    NOR2X1_5/Y ->     INVX1_3/A
   3962.6 ps               _94_:     INVX1_3/Y ->    NOR2X1_6/A
   4077.8 ps               _95_:    NOR2X1_6/Y ->     INVX1_4/A
   4187.2 ps               _97_:     INVX1_4/Y ->   AOI21X1_3/B
   4296.1 ps               _99_:   AOI21X1_3/Y ->   XNOR2X1_7/A
   4489.0 ps          A3_sum_5_:   XNOR2X1_7/Y ->    INVX1_56/A
   4615.3 ps              _328_:    INVX1_56/Y ->  NAND2X1_77/B
   4700.2 ps              _338_:  NAND2X1_77/Y ->   AOI22X1_4/C
   4799.7 ps              _340_:   AOI22X1_4/Y ->  OAI21X1_53/C
   4871.9 ps              _341_:  OAI21X1_53/Y ->  NAND2X1_79/B
   4995.0 ps              _342_:  NAND2X1_79/Y ->  AOI21X1_36/B
   5108.5 ps              _347_:  AOI21X1_36/Y ->  XNOR2X1_44/A
   5205.2 ps          A5_sum_7_:  XNOR2X1_44/Y -> DFFPOSX1_63/D

Path DFFPOSX1_17/CLK to DFFPOSX1_62/D delay 3497.02 ps   Slack = 502.977 ps
      0.0 ps        clk_bF_buf7:     BUFX4_1/Y -> DFFPOSX1_17/CLK
    285.7 ps     V11_V5_V1_a_1_: DFFPOSX1_17/Q ->  AND2X2_462/B
    461.5 ps      V9_V5_V1_H0_a:  AND2X2_462/Y ->  AND2X2_465/B
    603.1 ps  V9_V5_V1_H0_carry:  AND2X2_465/Y ->  XOR2X1_304/A
    758.9 ps    V9_V5_V1_H1_sum:  XOR2X1_304/Y -> NAND2X1_498/B
    918.7 ps             _2495_: NAND2X1_498/Y -> OAI21X1_349/B
   1081.6 ps             _2499_: OAI21X1_349/Y -> AOI21X1_216/B
   1199.7 ps             _2502_: AOI21X1_216/Y -> XNOR2X1_334/A
   1374.0 ps    V9_V5_A0_sum_3_: XNOR2X1_334/Y ->  AND2X2_460/A
   1537.5 ps             _2557_:  AND2X2_460/Y ->  NOR2X1_536/B
   1637.1 ps             _2559_:  NOR2X1_536/Y ->  NAND3X1_84/C
   1749.0 ps             _2560_:  NAND3X1_84/Y -> AOI21X1_222/A
   1843.1 ps             _2574_: AOI21X1_222/Y -> OAI21X1_359/A
   1925.8 ps             _2576_: OAI21X1_359/Y -> NAND2X1_511/A
   2072.4 ps         V9_A3_a_3_: NAND2X1_511/Y -> XNOR2X1_309/A
   2246.7 ps             _2266_: XNOR2X1_309/Y ->   NOR3X1_37/B
   2376.7 ps             _2267_:   NOR3X1_37/Y ->  NOR2X1_478/B
   2541.8 ps             _2272_:  NOR2X1_478/Y -> OAI21X1_317/A
   2672.3 ps             _2277_: OAI21X1_317/Y -> XNOR2X1_312/A
   2866.7 ps       V9_A3_sum_5_: XNOR2X1_312/Y ->   INVX1_360/A
   2992.8 ps             _2468_:   INVX1_360/Y -> OAI21X1_339/A
   3081.2 ps             _2470_: OAI21X1_339/Y -> OAI21X1_340/C
   3180.7 ps             _2471_: OAI21X1_340/Y -> OAI21X1_341/C
   3318.5 ps             _2473_: OAI21X1_341/Y -> AOI21X1_210/B
   3435.0 ps             _2478_: AOI21X1_210/Y -> XNOR2X1_330/A
   3581.6 ps            A3_a_3_: XNOR2X1_330/Y ->     INVX1_1/A
   3689.5 ps               _89_:     INVX1_1/Y ->   AOI21X1_2/A
   3780.2 ps               _92_:   AOI21X1_2/Y ->    NOR2X1_5/B
   3867.7 ps               _93_:    NOR2X1_5/Y ->     INVX1_3/A
   3962.6 ps               _94_:     INVX1_3/Y ->    NOR2X1_6/A
   4077.8 ps               _95_:    NOR2X1_6/Y ->     INVX1_4/A
   4187.2 ps               _97_:     INVX1_4/Y ->   AOI21X1_3/B
   4296.1 ps               _99_:   AOI21X1_3/Y ->   XNOR2X1_7/A
   4489.0 ps          A3_sum_5_:   XNOR2X1_7/Y ->    INVX1_56/A
   4615.3 ps              _328_:    INVX1_56/Y ->  NAND2X1_77/B
   4700.2 ps              _338_:  NAND2X1_77/Y ->   AOI22X1_4/C
   4799.7 ps              _340_:   AOI22X1_4/Y ->  OAI21X1_53/C
   4871.9 ps              _341_:  OAI21X1_53/Y ->  NAND2X1_79/B
   4995.0 ps              _342_:  NAND2X1_79/Y ->   XOR2X1_31/A
   5095.5 ps          A5_sum_6_:   XOR2X1_31/Y -> DFFPOSX1_62/D

Path DFFPOSX1_17/CLK to DFFPOSX1_56/D delay 3474.26 ps   Slack = 525.736 ps
      0.0 ps        clk_bF_buf7:     BUFX4_1/Y -> DFFPOSX1_17/CLK
    285.7 ps     V11_V5_V1_a_1_: DFFPOSX1_17/Q ->  AND2X2_462/B
    461.5 ps      V9_V5_V1_H0_a:  AND2X2_462/Y ->  AND2X2_465/B
    603.1 ps  V9_V5_V1_H0_carry:  AND2X2_465/Y ->  XOR2X1_304/A
    758.9 ps    V9_V5_V1_H1_sum:  XOR2X1_304/Y -> NAND2X1_498/B
    918.7 ps             _2495_: NAND2X1_498/Y -> OAI21X1_349/B
   1081.6 ps             _2499_: OAI21X1_349/Y -> AOI21X1_216/B
   1199.7 ps             _2502_: AOI21X1_216/Y -> XNOR2X1_334/A
   1374.0 ps    V9_V5_A0_sum_3_: XNOR2X1_334/Y ->  AND2X2_460/A
   1537.5 ps             _2557_:  AND2X2_460/Y ->  NOR2X1_536/B
   1637.1 ps             _2559_:  NOR2X1_536/Y ->  NAND3X1_84/C
   1749.0 ps             _2560_:  NAND3X1_84/Y -> NAND2X1_509/A
   1860.3 ps             _2562_: NAND2X1_509/Y -> XNOR2X1_346/A
   2033.8 ps         V9_A3_a_2_: XNOR2X1_346/Y -> NAND2X1_447/A
   2190.9 ps             _2263_: NAND2X1_447/Y -> OAI21X1_315/C
   2308.1 ps             _2265_: OAI21X1_315/Y -> XNOR2X1_310/A
   2530.5 ps       V9_A3_sum_3_: XNOR2X1_310/Y -> NAND2X1_480/A
   2652.2 ps             _2457_: NAND2X1_480/Y -> OAI21X1_338/C
   2750.9 ps             _2459_: OAI21X1_338/Y ->   INVX1_357/A
   2846.5 ps             _2460_:   INVX1_357/Y -> NAND2X1_481/A
   3000.5 ps             _2461_: NAND2X1_481/Y ->  XOR2X1_290/A
   3154.4 ps            A3_a_0_:  XOR2X1_290/Y ->    AND2X2_1/A
   3326.3 ps               _74_:    AND2X2_1/Y ->    NOR2X1_2/B
   3442.3 ps          A3_sum_0_:    NOR2X1_2/Y ->   AND2X2_17/A
   3582.3 ps              _508_:   AND2X2_17/Y ->  NOR2X1_105/B
   3640.2 ps          A5_sum_0_:  NOR2X1_105/Y -> DFFPOSX1_56/D

ERROR:  Design fails timing requirements.
-----------------------------------------

Number of paths analyzed:  64

Top 20 minimum delay paths:
Path DFFPOSX1_50/CLK to output pin result[2] delay 154.551 ps
      0.0 ps  clk_bF_buf6:     BUFX4_2/Y -> DFFPOSX1_50/CLK
     86.9 ps       _0__2_: DFFPOSX1_50/Q ->     BUFX2_3/A
    154.6 ps    result[2]:     BUFX2_3/Y -> 

Path DFFPOSX1_10/CLK to output pin result[26] delay 154.551 ps
      0.0 ps  clk_bF_buf6:     BUFX4_2/Y -> DFFPOSX1_10/CLK
     86.9 ps      _0__26_: DFFPOSX1_10/Q ->    BUFX2_27/A
    154.6 ps   result[26]:    BUFX2_27/Y -> 

Path DFFPOSX1_58/CLK to output pin result[10] delay 154.551 ps
      0.0 ps  clk_bF_buf6:     BUFX4_2/Y -> DFFPOSX1_58/CLK
     86.9 ps      _0__10_: DFFPOSX1_58/Q ->    BUFX2_11/A
    154.6 ps   result[10]:    BUFX2_11/Y -> 

Path DFFPOSX1_2/CLK to output pin result[18] delay 154.551 ps
      0.0 ps  clk_bF_buf6:    BUFX4_2/Y -> DFFPOSX1_2/CLK
     86.9 ps      _0__18_: DFFPOSX1_2/Q ->   BUFX2_19/A
    154.6 ps   result[18]:   BUFX2_19/Y -> 

Path DFFPOSX1_3/CLK to output pin result[19] delay 154.551 ps
      0.0 ps  clk_bF_buf5:    BUFX4_3/Y -> DFFPOSX1_3/CLK
     86.9 ps      _0__19_: DFFPOSX1_3/Q ->   BUFX2_20/A
    154.6 ps   result[19]:   BUFX2_20/Y -> 

Path DFFPOSX1_51/CLK to output pin result[3] delay 154.551 ps
      0.0 ps  clk_bF_buf5:     BUFX4_3/Y -> DFFPOSX1_51/CLK
     86.9 ps       _0__3_: DFFPOSX1_51/Q ->     BUFX2_4/A
    154.6 ps    result[3]:     BUFX2_4/Y -> 

Path DFFPOSX1_11/CLK to output pin result[27] delay 154.551 ps
      0.0 ps  clk_bF_buf5:     BUFX4_3/Y -> DFFPOSX1_11/CLK
     86.9 ps      _0__27_: DFFPOSX1_11/Q ->    BUFX2_28/A
    154.6 ps   result[27]:    BUFX2_28/Y -> 

Path DFFPOSX1_59/CLK to output pin result[11] delay 154.551 ps
      0.0 ps  clk_bF_buf5:     BUFX4_3/Y -> DFFPOSX1_59/CLK
     86.9 ps      _0__11_: DFFPOSX1_59/Q ->    BUFX2_12/A
    154.6 ps   result[11]:    BUFX2_12/Y -> 

Path DFFPOSX1_5/CLK to output pin result[21] delay 154.551 ps
      0.0 ps  clk_bF_buf3:    BUFX4_5/Y -> DFFPOSX1_5/CLK
     86.9 ps      _0__21_: DFFPOSX1_5/Q ->   BUFX2_22/A
    154.6 ps   result[21]:   BUFX2_22/Y -> 

Path DFFPOSX1_61/CLK to output pin result[13] delay 154.551 ps
      0.0 ps  clk_bF_buf3:     BUFX4_5/Y -> DFFPOSX1_61/CLK
     86.9 ps      _0__13_: DFFPOSX1_61/Q ->    BUFX2_14/A
    154.6 ps   result[13]:    BUFX2_14/Y -> 

Path DFFPOSX1_13/CLK to output pin result[29] delay 154.551 ps
      0.0 ps  clk_bF_buf3:     BUFX4_5/Y -> DFFPOSX1_13/CLK
     86.9 ps      _0__29_: DFFPOSX1_13/Q ->    BUFX2_30/A
    154.6 ps   result[29]:    BUFX2_30/Y -> 

Path DFFPOSX1_53/CLK to output pin result[5] delay 154.551 ps
      0.0 ps  clk_bF_buf3:     BUFX4_5/Y -> DFFPOSX1_53/CLK
     86.9 ps       _0__5_: DFFPOSX1_53/Q ->     BUFX2_6/A
    154.6 ps    result[5]:     BUFX2_6/Y -> 

Path DFFPOSX1_54/CLK to output pin result[6] delay 154.551 ps
      0.0 ps  clk_bF_buf2:     BUFX4_6/Y -> DFFPOSX1_54/CLK
     86.9 ps       _0__6_: DFFPOSX1_54/Q ->     BUFX2_7/A
    154.6 ps    result[6]:     BUFX2_7/Y -> 

Path DFFPOSX1_6/CLK to output pin result[22] delay 154.551 ps
      0.0 ps  clk_bF_buf2:    BUFX4_6/Y -> DFFPOSX1_6/CLK
     86.9 ps      _0__22_: DFFPOSX1_6/Q ->   BUFX2_23/A
    154.6 ps   result[22]:   BUFX2_23/Y -> 

Path DFFPOSX1_14/CLK to output pin result[30] delay 154.551 ps
      0.0 ps  clk_bF_buf2:     BUFX4_6/Y -> DFFPOSX1_14/CLK
     86.9 ps      _0__30_: DFFPOSX1_14/Q ->    BUFX2_31/A
    154.6 ps   result[30]:    BUFX2_31/Y -> 

Path DFFPOSX1_62/CLK to output pin result[14] delay 154.551 ps
      0.0 ps  clk_bF_buf2:     BUFX4_6/Y -> DFFPOSX1_62/CLK
     86.9 ps      _0__14_: DFFPOSX1_62/Q ->    BUFX2_15/A
    154.6 ps   result[14]:    BUFX2_15/Y -> 

Path DFFPOSX1_60/CLK to output pin result[12] delay 154.551 ps
      0.0 ps  clk_bF_buf4:     BUFX4_4/Y -> DFFPOSX1_60/CLK
     86.9 ps      _0__12_: DFFPOSX1_60/Q ->    BUFX2_13/A
    154.6 ps   result[12]:    BUFX2_13/Y -> 

Path DFFPOSX1_52/CLK to output pin result[4] delay 154.551 ps
      0.0 ps  clk_bF_buf4:     BUFX4_4/Y -> DFFPOSX1_52/CLK
     86.9 ps       _0__4_: DFFPOSX1_52/Q ->     BUFX2_5/A
    154.6 ps    result[4]:     BUFX2_5/Y -> 

Path DFFPOSX1_4/CLK to output pin result[20] delay 154.551 ps
      0.0 ps  clk_bF_buf4:    BUFX4_4/Y -> DFFPOSX1_4/CLK
     86.9 ps      _0__20_: DFFPOSX1_4/Q ->   BUFX2_21/A
    154.6 ps   result[20]:   BUFX2_21/Y -> 

Path DFFPOSX1_12/CLK to output pin result[28] delay 154.551 ps
      0.0 ps  clk_bF_buf4:     BUFX4_4/Y -> DFFPOSX1_12/CLK
     86.9 ps      _0__28_: DFFPOSX1_12/Q ->    BUFX2_29/A
    154.6 ps   result[28]:    BUFX2_29/Y -> 

Design meets minimum hold timing.
-----------------------------------------

Number of paths analyzed:  96

Top 20 maximum delay paths:
Path input pin clk to DFFPOSX1_50/CLK delay 171.801 ps
      0.0 ps          clk:           ->     BUFX4_2/A
    171.8 ps  clk_bF_buf6: BUFX4_2/Y -> DFFPOSX1_50/CLK

Path input pin clk to DFFPOSX1_10/CLK delay 171.801 ps
      0.0 ps          clk:           ->     BUFX4_2/A
    171.8 ps  clk_bF_buf6: BUFX4_2/Y -> DFFPOSX1_10/CLK

Path input pin clk to DFFPOSX1_58/CLK delay 171.801 ps
      0.0 ps          clk:           ->     BUFX4_2/A
    171.8 ps  clk_bF_buf6: BUFX4_2/Y -> DFFPOSX1_58/CLK

Path input pin clk to DFFPOSX1_26/CLK delay 171.801 ps
      0.0 ps          clk:           ->     BUFX4_2/A
    171.8 ps  clk_bF_buf6: BUFX4_2/Y -> DFFPOSX1_26/CLK

Path input pin clk to DFFPOSX1_2/CLK delay 171.801 ps
      0.0 ps          clk:           ->    BUFX4_2/A
    171.8 ps  clk_bF_buf6: BUFX4_2/Y -> DFFPOSX1_2/CLK

Path input pin clk to DFFPOSX1_18/CLK delay 171.801 ps
      0.0 ps          clk:           ->     BUFX4_2/A
    171.8 ps  clk_bF_buf6: BUFX4_2/Y -> DFFPOSX1_18/CLK

Path input pin clk to DFFPOSX1_42/CLK delay 171.801 ps
      0.0 ps          clk:           ->     BUFX4_2/A
    171.8 ps  clk_bF_buf6: BUFX4_2/Y -> DFFPOSX1_42/CLK

Path input pin clk to DFFPOSX1_34/CLK delay 171.801 ps
      0.0 ps          clk:           ->     BUFX4_2/A
    171.8 ps  clk_bF_buf6: BUFX4_2/Y -> DFFPOSX1_34/CLK

Path input pin clk to DFFPOSX1_22/CLK delay 171.801 ps
      0.0 ps          clk:           ->     BUFX4_6/A
    171.8 ps  clk_bF_buf2: BUFX4_6/Y -> DFFPOSX1_22/CLK

Path input pin clk to DFFPOSX1_46/CLK delay 171.801 ps
      0.0 ps          clk:           ->     BUFX4_6/A
    171.8 ps  clk_bF_buf2: BUFX4_6/Y -> DFFPOSX1_46/CLK

Path input pin clk to DFFPOSX1_54/CLK delay 171.801 ps
      0.0 ps          clk:           ->     BUFX4_6/A
    171.8 ps  clk_bF_buf2: BUFX4_6/Y -> DFFPOSX1_54/CLK

Path input pin clk to DFFPOSX1_30/CLK delay 171.801 ps
      0.0 ps          clk:           ->     BUFX4_6/A
    171.8 ps  clk_bF_buf2: BUFX4_6/Y -> DFFPOSX1_30/CLK

Path input pin clk to DFFPOSX1_6/CLK delay 171.801 ps
      0.0 ps          clk:           ->    BUFX4_6/A
    171.8 ps  clk_bF_buf2: BUFX4_6/Y -> DFFPOSX1_6/CLK

Path input pin clk to DFFPOSX1_38/CLK delay 171.801 ps
      0.0 ps          clk:           ->     BUFX4_6/A
    171.8 ps  clk_bF_buf2: BUFX4_6/Y -> DFFPOSX1_38/CLK

Path input pin clk to DFFPOSX1_14/CLK delay 171.801 ps
      0.0 ps          clk:           ->     BUFX4_6/A
    171.8 ps  clk_bF_buf2: BUFX4_6/Y -> DFFPOSX1_14/CLK

Path input pin clk to DFFPOSX1_62/CLK delay 171.801 ps
      0.0 ps          clk:           ->     BUFX4_6/A
    171.8 ps  clk_bF_buf2: BUFX4_6/Y -> DFFPOSX1_62/CLK

Path input pin clk to DFFPOSX1_43/CLK delay 171.801 ps
      0.0 ps          clk:           ->     BUFX4_3/A
    171.8 ps  clk_bF_buf5: BUFX4_3/Y -> DFFPOSX1_43/CLK

Path input pin clk to DFFPOSX1_27/CLK delay 171.801 ps
      0.0 ps          clk:           ->     BUFX4_3/A
    171.8 ps  clk_bF_buf5: BUFX4_3/Y -> DFFPOSX1_27/CLK

Path input pin clk to DFFPOSX1_3/CLK delay 171.801 ps
      0.0 ps          clk:           ->    BUFX4_3/A
    171.8 ps  clk_bF_buf5: BUFX4_3/Y -> DFFPOSX1_3/CLK

Path input pin clk to DFFPOSX1_51/CLK delay 171.801 ps
      0.0 ps          clk:           ->     BUFX4_3/A
    171.8 ps  clk_bF_buf5: BUFX4_3/Y -> DFFPOSX1_51/CLK

-----------------------------------------

Number of paths analyzed:  96

Top 20 minimum delay paths:
Path input pin b[10] to DFFPOSX1_42/D delay 0 ps
      0.0 ps  b[10]:   -> DFFPOSX1_42/D

Path input pin a[12] to DFFPOSX1_28/D delay 0 ps
      0.0 ps  a[12]:   -> DFFPOSX1_28/D

Path input pin b[14] to DFFPOSX1_46/D delay 0 ps
      0.0 ps  b[14]:   -> DFFPOSX1_46/D

Path input pin b[12] to DFFPOSX1_44/D delay 0 ps
      0.0 ps  b[12]:   -> DFFPOSX1_44/D

Path input pin b[0] to DFFPOSX1_32/D delay 0 ps
      0.0 ps  b[0]:   -> DFFPOSX1_32/D

Path input pin b[7] to DFFPOSX1_39/D delay 0 ps
      0.0 ps  b[7]:   -> DFFPOSX1_39/D

Path input pin b[8] to DFFPOSX1_40/D delay 0 ps
      0.0 ps  b[8]:   -> DFFPOSX1_40/D

Path input pin a[15] to DFFPOSX1_31/D delay 0 ps
      0.0 ps  a[15]:   -> DFFPOSX1_31/D

Path input pin b[2] to DFFPOSX1_34/D delay 0 ps
      0.0 ps  b[2]:   -> DFFPOSX1_34/D

Path input pin b[13] to DFFPOSX1_45/D delay 0 ps
      0.0 ps  b[13]:   -> DFFPOSX1_45/D

Path input pin a[8] to DFFPOSX1_24/D delay 0 ps
      0.0 ps  a[8]:   -> DFFPOSX1_24/D

Path input pin b[5] to DFFPOSX1_37/D delay 0 ps
      0.0 ps  b[5]:   -> DFFPOSX1_37/D

Path input pin b[15] to DFFPOSX1_47/D delay 0 ps
      0.0 ps  b[15]:   -> DFFPOSX1_47/D

Path input pin a[5] to DFFPOSX1_21/D delay 0 ps
      0.0 ps  a[5]:   -> DFFPOSX1_21/D

Path input pin a[2] to DFFPOSX1_18/D delay 0 ps
      0.0 ps  a[2]:   -> DFFPOSX1_18/D

Path input pin a[7] to DFFPOSX1_23/D delay 0 ps
      0.0 ps  a[7]:   -> DFFPOSX1_23/D

Path input pin a[14] to DFFPOSX1_30/D delay 0 ps
      0.0 ps  a[14]:   -> DFFPOSX1_30/D

Path input pin b[1] to DFFPOSX1_33/D delay 0 ps
      0.0 ps  b[1]:   -> DFFPOSX1_33/D

Path input pin a[3] to DFFPOSX1_19/D delay 0 ps
      0.0 ps  a[3]:   -> DFFPOSX1_19/D

Path input pin a[6] to DFFPOSX1_22/D delay 0 ps
      0.0 ps  a[6]:   -> DFFPOSX1_22/D

-----------------------------------------

